13:26:52.265 [main] INFO  Main - Name "Vadim"
Age "32"
Phone number "89676400941"
Email "sotnikov.v.v@mail.ru".

13:26:52.268 [main] INFO  Main - Name "Alex"
Age "39"
Phone number "89676400942"
Email "rybyhin.a.v@mail.ru".

13:26:52.268 [main] INFO  Main - Name "Seva"
Age "30"
Phone number "89676400943"
Email "ostrovscki.v.a@mail.ru".

13:26:52.268 [main] INFO  Main - Name "Rad"
Age "14"
Phone number "89676400944"
Email "juravlev.r.k@mail.ru".

13:26:52.268 [main] INFO  Main - Name "Sasha"
Age "20"
Phone number "89676400945"
Email "karpinskiy.v.v@mail.ru".

13:26:52.268 [main] INFO  Main - Name "Ulyana"
Age "16"
Phone number "89676400946"
Email "frolova.u.i@mail.ru".

13:26:52.268 [main] INFO  Main - Name "Dima"
Age "17"
Phone number "89676400947"
Email "minosyan.d.v@mail.ru".

13:26:52.268 [main] INFO  Main - Name "Andy"
Age "16"
Phone number "89676400948"
Email "grigorov.a.g@mail.ru".

13:27:26.600 [main] INFO  Main - Name "Vadim"
Age "32"
Phone number "89676400941"
Email "sotnikov.v.v@mail.ru".

13:27:26.603 [main] INFO  Main - Name "Alex"
Age "39"
Phone number "89676400942"
Email "rybyhin.a.v@mail.ru".

13:27:26.603 [main] INFO  Main - Name "Seva"
Age "30"
Phone number "89676400943"
Email "ostrovscki.v.a@mail.ru".

13:27:26.603 [main] INFO  Main - Name "Rad"
Age "14"
Phone number "89676400944"
Email "juravlev.r.k@mail.ru".

13:27:26.603 [main] INFO  Main - Name "Sasha"
Age "20"
Phone number "89676400945"
Email "karpinskiy.v.v@mail.ru".

13:27:26.603 [main] INFO  Main - Name "Ulyana"
Age "16"
Phone number "89676400946"
Email "frolova.u.i@mail.ru".

13:27:26.604 [main] INFO  Main - Name "Dima"
Age "17"
Phone number "89676400947"
Email "minosyan.d.v@mail.ru".

13:27:26.604 [main] INFO  Main - Name "Andy"
Age "16"
Phone number "89676400948"
Email "grigorov.a.g@mail.ru".

13:42:45.339 [main] INFO  Main - Name "Vadim"
Age "32"
Phone number "89676400941"
Email "sotnikov.v.v@mail.ru".

13:42:45.342 [main] INFO  Main - Name "Alex"
Age "39"
Phone number "89676400942"
Email "rybyhin.a.v@mail.ru".

13:42:45.342 [main] INFO  Main - Name "Seva"
Age "30"
Phone number "89676400943"
Email "ostrovscki.v.a@mail.ru".

13:42:45.342 [main] INFO  Main - Name "Rad"
Age "14"
Phone number "89676400944"
Email "juravlev.r.k@mail.ru".

13:42:45.343 [main] INFO  Main - Name "Sasha"
Age "20"
Phone number "89676400945"
Email "karpinskiy.v.v@mail.ru".

13:42:45.343 [main] INFO  Main - Name "Ulyana"
Age "16"
Phone number "89676400946"
Email "frolova.u.i@mail.ru".

13:42:45.343 [main] INFO  Main - Name "Dima"
Age "17"
Phone number "89676400947"
Email "minosyan.d.v@mail.ru".

13:42:45.343 [main] INFO  Main - Name "Andy"
Age "16"
Phone number "89676400948"
Email "grigorov.a.g@mail.ru".

13:42:45.343 [main] INFO  Main - Name "Andy"
Age "16"
Phone number "89676400948"
Email "grigorov.a.g@mail.ru".

13:43:18.809 [main] INFO  Main - Name "Vadim"
Age "32"
Phone number "89676400941"
Email "sotnikov.v.v@mail.ru".

13:43:18.812 [main] INFO  Main - Name "Alex"
Age "39"
Phone number "89676400942"
Email "rybyhin.a.v@mail.ru".

13:43:18.812 [main] INFO  Main - Name "Seva"
Age "30"
Phone number "89676400943"
Email "ostrovscki.v.a@mail.ru".

13:43:18.812 [main] INFO  Main - Name "Rad"
Age "14"
Phone number "89676400944"
Email "juravlev.r.k@mail.ru".

13:43:18.812 [main] INFO  Main - Name "Sasha"
Age "20"
Phone number "89676400945"
Email "karpinskiy.v.v@mail.ru".

13:43:18.812 [main] INFO  Main - Name "Ulyana"
Age "16"
Phone number "89676400946"
Email "frolova.u.i@mail.ru".

13:43:18.812 [main] INFO  Main - Name "Dima"
Age "17"
Phone number "89676400947"
Email "minosyan.d.v@mail.ru".

13:43:18.812 [main] INFO  Main - Name "Andy"
Age "16"
Phone number "89676400948"
Email "grigorov.a.g@mail.ru".

13:43:18.812 [main] INFO  Main - Name "Andy"
Age "16"
Phone number "89676400948"
Email "grigorov.a.g@mail.ru".

13:44:48.131 [main] INFO  Main - Name "Vadim"
Age "32"
Phone number "89676400941"
Email "sotnikov.v.v@mail.ru".

13:44:48.135 [main] INFO  Main - Name "Alex"
Age "39"
Phone number "89676400942"
Email "rybyhin.a.v@mail.ru".

13:44:48.135 [main] INFO  Main - Name "Seva"
Age "30"
Phone number "89676400943"
Email "ostrovscki.v.a@mail.ru".

13:44:48.135 [main] INFO  Main - Name "Rad"
Age "14"
Phone number "89676400944"
Email "juravlev.r.k@mail.ru".

13:44:48.135 [main] INFO  Main - Name "Sasha"
Age "20"
Phone number "89676400945"
Email "karpinskiy.v.v@mail.ru".

13:44:48.136 [main] INFO  Main - Name "Ulyana"
Age "16"
Phone number "89676400946"
Email "frolova.u.i@mail.ru".

13:44:48.136 [main] INFO  Main - Name "Dima"
Age "17"
Phone number "89676400947"
Email "minosyan.d.v@mail.ru".

13:44:48.136 [main] INFO  Main - Name "Andy"
Age "16"
Phone number "89676400948"
Email "grigorov.a.g@mail.ru".

13:44:48.136 [main] INFO  Main - Name "Andy"
Age "16"
Phone number "89676400948"
Email "grigorov.a.g@mail.ru".

13:48:17.295 [main] INFO  Main - Name "Vadim"
Age "32"
Phone number "89676400941"
Email "sotnikov.v.v@mail.ru".

13:48:17.299 [main] INFO  Main - Name "Alex"
Age "39"
Phone number "89676400942"
Email "rybyhin.a.v@mail.ru".

13:48:17.299 [main] INFO  Main - Name "Seva"
Age "30"
Phone number "89676400943"
Email "ostrovscki.v.a@mail.ru".

13:48:17.299 [main] INFO  Main - Name "Rad"
Age "14"
Phone number "89676400944"
Email "juravlev.r.k@mail.ru".

13:48:17.300 [main] INFO  Main - Name "Sasha"
Age "20"
Phone number "89676400945"
Email "karpinskiy.v.v@mail.ru".

13:48:17.300 [main] INFO  Main - Name "Ulyana"
Age "16"
Phone number "89676400946"
Email "frolova.u.i@mail.ru".

13:48:17.301 [main] INFO  Main - Name "Dima"
Age "17"
Phone number "89676400947"
Email "minosyan.d.v@mail.ru".

13:48:17.302 [main] INFO  Main - Name "Andy"
Age "16"
Phone number "89676400948"
Email "grigorov.a.g@mail.ru".

13:48:17.302 [main] INFO  Main - Name "Andy"
Age "16"
Phone number "89676400948"
Email "grigorov.a.g@mail.ru".

13:50:17.603 [main] INFO  Main - Name "Vadim"
Age "32"
Phone number "89676400941"
Email "sotnikov.v.v@mail.ru".

13:50:17.606 [main] INFO  Main - Name "Alex"
Age "39"
Phone number "89676400942"
Email "rybyhin.a.v@mail.ru".

13:50:17.607 [main] INFO  Main - Name "Seva"
Age "30"
Phone number "89676400943"
Email "ostrovscki.v.a@mail.ru".

13:50:17.607 [main] INFO  Main - Name "Rad"
Age "14"
Phone number "89676400944"
Email "juravlev.r.k@mail.ru".

13:50:17.607 [main] INFO  Main - Name "Sasha"
Age "20"
Phone number "89676400945"
Email "karpinskiy.v.v@mail.ru".

13:50:17.607 [main] INFO  Main - Name "Ulyana"
Age "16"
Phone number "89676400946"
Email "frolova.u.i@mail.ru".

13:50:17.607 [main] INFO  Main - Name "Dima"
Age "17"
Phone number "89676400947"
Email "minosyan.d.v@mail.ru".

13:50:17.607 [main] INFO  Main - Name "Andy"
Age "16"
Phone number "89676400948"
Email "grigorov.a.g@mail.ru".

13:50:17.608 [main] INFO  Main - Name "Andy"
Age "16"
Phone number "89676400948"
Email "grigorov.a.g@mail.ru".

13:50:59.898 [main] INFO  Main - Name "Vadim"
Age "32"
Phone number "89676400941"
Email "sotnikov.v.v@mail.ru".

13:50:59.901 [main] INFO  Main - Name "Alex"
Age "39"
Phone number "89676400942"
Email "rybyhin.a.v@mail.ru".

13:50:59.901 [main] INFO  Main - Name "Seva"
Age "30"
Phone number "89676400943"
Email "ostrovscki.v.a@mail.ru".

13:50:59.901 [main] INFO  Main - Name "Rad"
Age "14"
Phone number "89676400944"
Email "juravlev.r.k@mail.ru".

13:50:59.902 [main] INFO  Main - Name "Sasha"
Age "20"
Phone number "89676400945"
Email "karpinskiy.v.v@mail.ru".

13:50:59.902 [main] INFO  Main - Name "Ulyana"
Age "16"
Phone number "89676400946"
Email "frolova.u.i@mail.ru".

13:50:59.902 [main] INFO  Main - Name "Dima"
Age "17"
Phone number "89676400947"
Email "minosyan.d.v@mail.ru".

13:50:59.902 [main] INFO  Main - Name "Andy"
Age "16"
Phone number "89676400948"
Email "grigorov.a.g@mail.ru".

13:50:59.903 [main] INFO  Main - Name "Andy"
Age "16"
Phone number "89676400948"
Email "grigorov.a.g@mail.ru".

13:51:29.631 [main] INFO  Main - Name "Vadim"
Age "32"
Phone number "89676400941"
Email "sotnikov.v.v@mail.ru".

13:51:29.635 [main] INFO  Main - Name "Alex"
Age "39"
Phone number "89676400942"
Email "rybyhin.a.v@mail.ru".

13:51:29.635 [main] INFO  Main - Name "Seva"
Age "30"
Phone number "89676400943"
Email "ostrovscki.v.a@mail.ru".

13:51:29.636 [main] INFO  Main - Name "Rad"
Age "14"
Phone number "89676400944"
Email "juravlev.r.k@mail.ru".

13:51:29.636 [main] INFO  Main - Name "Sasha"
Age "20"
Phone number "89676400945"
Email "karpinskiy.v.v@mail.ru".

13:51:29.636 [main] INFO  Main - Name "Ulyana"
Age "16"
Phone number "89676400946"
Email "frolova.u.i@mail.ru".

13:51:29.636 [main] INFO  Main - Name "Dima"
Age "17"
Phone number "89676400947"
Email "minosyan.d.v@mail.ru".

13:51:29.636 [main] INFO  Main - Name "Andy"
Age "16"
Phone number "89676400948"
Email "grigorov.a.g@mail.ru".

13:51:29.636 [main] INFO  Main - Name "Andy"
Age "16"
Phone number "89676400948"
Email "grigorov.a.g@mail.ru".

13:52:32.734 [main] INFO  Main - Name "Vadim"
Age "32"
Phone number "89676400941"
Email "sotnikov.v.v@mail.ru".

13:52:32.738 [main] INFO  Main - Name "Alex"
Age "39"
Phone number "89676400942"
Email "rybyhin.a.v@mail.ru".

13:52:32.738 [main] INFO  Main - Name "Seva"
Age "30"
Phone number "89676400943"
Email "ostrovscki.v.a@mail.ru".

13:52:32.738 [main] INFO  Main - Name "Rad"
Age "14"
Phone number "89676400944"
Email "juravlev.r.k@mail.ru".

13:52:32.738 [main] INFO  Main - Name "Sasha"
Age "20"
Phone number "89676400945"
Email "karpinskiy.v.v@mail.ru".

13:52:32.738 [main] INFO  Main - Name "Ulyana"
Age "16"
Phone number "89676400946"
Email "frolova.u.i@mail.ru".

13:52:32.739 [main] INFO  Main - Name "Dima"
Age "17"
Phone number "89676400947"
Email "minosyan.d.v@mail.ru".

13:52:32.739 [main] INFO  Main - Name "Andy"
Age "16"
Phone number "89676400948"
Email "grigorov.a.g@mail.ru".

13:52:32.739 [main] INFO  Main - Name "Andy"
Age "16"
Phone number "89676400948"
Email "grigorov.a.g@mail.ru".

13:53:10.942 [main] INFO  Main - Name "Vadim"
Age "32"
Phone number "89676400941"
Email "sotnikov.v.v@mail.ru".

13:53:10.946 [main] INFO  Main - Name "Alex"
Age "39"
Phone number "89676400942"
Email "rybyhin.a.v@mail.ru".

13:53:10.946 [main] INFO  Main - Name "Seva"
Age "30"
Phone number "89676400943"
Email "ostrovscki.v.a@mail.ru".

13:53:10.946 [main] INFO  Main - Name "Rad"
Age "14"
Phone number "89676400944"
Email "juravlev.r.k@mail.ru".

13:53:10.946 [main] INFO  Main - Name "Sasha"
Age "20"
Phone number "89676400945"
Email "karpinskiy.v.v@mail.ru".

13:53:10.947 [main] INFO  Main - Name "Ulyana"
Age "16"
Phone number "89676400946"
Email "frolova.u.i@mail.ru".

13:53:10.947 [main] INFO  Main - Name "Dima"
Age "17"
Phone number "89676400947"
Email "minosyan.d.v@mail.ru".

13:53:10.947 [main] INFO  Main - Name "Andy"
Age "16"
Phone number "89676400948"
Email "grigorov.a.g@mail.ru".

13:53:10.947 [main] INFO  Main - Name "Andy"
Age "16"
Phone number "89676400948"
Email "grigorov.a.g@mail.ru".

13:53:45.369 [main] INFO  Main - Name "Vadim"
Age "32"
Phone number "89676400941"
Email "sotnikov.v.v@mail.ru".

13:53:45.373 [main] INFO  Main - Name "Alex"
Age "39"
Phone number "89676400942"
Email "rybyhin.a.v@mail.ru".

13:53:45.373 [main] INFO  Main - Name "Seva"
Age "30"
Phone number "89676400943"
Email "ostrovscki.v.a@mail.ru".

13:53:45.373 [main] INFO  Main - Name "Rad"
Age "14"
Phone number "89676400944"
Email "juravlev.r.k@mail.ru".

13:53:45.373 [main] INFO  Main - Name "Sasha"
Age "20"
Phone number "89676400945"
Email "karpinskiy.v.v@mail.ru".

13:53:45.374 [main] INFO  Main - Name "Ulyana"
Age "16"
Phone number "89676400946"
Email "frolova.u.i@mail.ru".

13:53:45.374 [main] INFO  Main - Name "Dima"
Age "17"
Phone number "89676400947"
Email "minosyan.d.v@mail.ru".

13:53:45.374 [main] INFO  Main - Name "Andy"
Age "16"
Phone number "89676400948"
Email "grigorov.a.g@mail.ru".

13:53:45.374 [main] INFO  Main - Name "Andy"
Age "16"
Phone number "89676400948"
Email "grigorov.a.g@mail.ru".

13:54:53.185 [main] INFO  Main - Name "Vadim"
Age "32"
Phone number "89676400941"
Email "sotnikov.v.v@mail.ru".

13:54:53.189 [main] INFO  Main - Name "Alex"
Age "39"
Phone number "89676400942"
Email "rybyhin.a.v@mail.ru".

13:54:53.189 [main] INFO  Main - Name "Seva"
Age "30"
Phone number "89676400943"
Email "ostrovscki.v.a@mail.ru".

13:54:53.189 [main] INFO  Main - Name "Rad"
Age "14"
Phone number "89676400944"
Email "juravlev.r.k@mail.ru".

13:54:53.189 [main] INFO  Main - Name "Sasha"
Age "20"
Phone number "89676400945"
Email "karpinskiy.v.v@mail.ru".

13:54:53.189 [main] INFO  Main - Name "Ulyana"
Age "16"
Phone number "89676400946"
Email "frolova.u.i@mail.ru".

13:54:53.190 [main] INFO  Main - Name "Dima"
Age "17"
Phone number "89676400947"
Email "minosyan.d.v@mail.ru".

13:54:53.190 [main] INFO  Main - Name "Andy"
Age "16"
Phone number "89676400948"
Email "grigorov.a.g@mail.ru".

13:54:53.190 [main] INFO  Main - Name "Andy"
Age "16"
Phone number "89676400948"
Email "grigorov.a.g@mail.ru".

13:55:30.894 [main] INFO  Main - Name "Vadim"
Age "32"
Phone number "89676400941"
Email "sotnikov.v.v@mail.ru".

13:55:30.897 [main] INFO  Main - Name "Alex"
Age "39"
Phone number "89676400942"
Email "rybyhin.a.v@mail.ru".

13:55:30.897 [main] INFO  Main - Name "Seva"
Age "30"
Phone number "89676400943"
Email "ostrovscki.v.a@mail.ru".

13:55:30.898 [main] INFO  Main - Name "Rad"
Age "14"
Phone number "89676400944"
Email "juravlev.r.k@mail.ru".

13:55:30.898 [main] INFO  Main - Name "Sasha"
Age "20"
Phone number "89676400945"
Email "karpinskiy.v.v@mail.ru".

13:55:30.898 [main] INFO  Main - Name "Ulyana"
Age "16"
Phone number "89676400946"
Email "frolova.u.i@mail.ru".

13:55:30.898 [main] INFO  Main - Name "Dima"
Age "17"
Phone number "89676400947"
Email "minosyan.d.v@mail.ru".

13:55:30.898 [main] INFO  Main - Name "Andy"
Age "16"
Phone number "89676400948"
Email "grigorov.a.g@mail.ru".

13:55:30.898 [main] INFO  Main - Name "Andy"
Age "16"
Phone number "89676400948"
Email "grigorov.a.g@mail.ru".

14:01:40.946 [main] INFO  Main - Name "Vadim"
Age "32"
Phone number "89676400941"
Email "sotnikov.v.v@mail.ru".

14:01:40.949 [main] INFO  Main - Name "Vadim"
Age "32"
Phone number "89676400941"
Email "sotnikov.v.v@mail.ru".

14:01:40.950 [main] INFO  Main - Name "Vadim"
Age "32"
Phone number "89676400941"
Email "sotnikov.v.v@mail.ru".

14:02:49.172 [main] INFO  Main - Name "Vadim"
Age "32"
Phone number "89676400941"
Email "sotnikov.v.v@mail.ru".

14:02:49.175 [main] INFO  Main - Name "Alex"
Age "39"
Phone number "89676400942"
Email "rybyhin.a.v@mail.ru".

14:02:49.176 [main] INFO  Main - Name "Vadim"
Age "32"
Phone number "89676400941"
Email "sotnikov.v.v@mail.ru".

14:03:09.809 [main] INFO  Main - Name "Vadim"
Age "32"
Phone number "89676400941"
Email "sotnikov.v.v@mail.ru".

14:03:09.813 [main] INFO  Main - Name "Alex"
Age "39"
Phone number "89676400942"
Email "rybyhin.a.v@mail.ru".

14:03:09.813 [main] INFO  Main - Name "Vadim"
Age "32"
Phone number "89676400941"
Email "sotnikov.v.v@mail.ru".

14:05:33.581 [main] INFO  Main - Name "Vadim"
Age "32"
Phone number "89676400941"
Email "sotnikov.v.v@mail.ru".

14:05:33.584 [main] INFO  Main - Name "Alex"
Age "39"
Phone number "89676400942"
Email "rybyhin.a.v@mail.ru".

14:05:33.584 [main] INFO  Main - Name "Vadim"
Age "32"
Phone number "89676400941"
Email "sotnikov.v.v@mail.ru".

14:06:33.418 [main] INFO  Main - Name "Vadim"
Age "32"
Phone number "89676400941"
Email "sotnikov.v.v@mail.ru".

14:06:33.421 [main] INFO  Main - Name "Alex"
Age "39"
Phone number "89676400942"
Email "rybyhin.a.v@mail.ru".

14:06:33.421 [main] INFO  Main - Name "Seva"
Age "30"
Phone number "89676400943"
Email "ostrovscki.v.a@mail.ru".

14:06:33.422 [main] INFO  Main - Name "Rad"
Age "14"
Phone number "89676400944"
Email "juravlev.r.k@mail.ru".

14:06:33.422 [main] INFO  Main - Name "Sasha"
Age "20"
Phone number "89676400945"
Email "karpinskiy.v.v@mail.ru".

14:06:33.422 [main] INFO  Main - Name "Ulyana"
Age "16"
Phone number "89676400946"
Email "frolova.u.i@mail.ru".

14:06:33.422 [main] INFO  Main - Name "Dima"
Age "17"
Phone number "89676400947"
Email "minosyan.d.v@mail.ru".

14:06:33.422 [main] INFO  Main - Name "Andy"
Age "16"
Phone number "89676400948"
Email "grigorov.a.g@mail.ru".

14:06:33.422 [main] INFO  Main - Name "Andy"
Age "16"
Phone number "89676400948"
Email "grigorov.a.g@mail.ru".

14:07:05.450 [main] INFO  Main - Name "Vadim"
Age "32"
Phone number "89676400941"
Email "sotnikov.v.v@mail.ru".

14:07:05.453 [main] INFO  Main - Name "Alex"
Age "39"
Phone number "89676400942"
Email "rybyhin.a.v@mail.ru".

14:07:05.453 [main] INFO  Main - Name "Seva"
Age "30"
Phone number "89676400943"
Email "ostrovscki.v.a@mail.ru".

14:07:05.453 [main] INFO  Main - Name "Rad"
Age "14"
Phone number "89676400944"
Email "juravlev.r.k@mail.ru".

14:07:05.453 [main] INFO  Main - Name "Sasha"
Age "20"
Phone number "89676400945"
Email "karpinskiy.v.v@mail.ru".

14:07:05.454 [main] INFO  Main - Name "Ulyana"
Age "16"
Phone number "89676400946"
Email "frolova.u.i@mail.ru".

14:07:05.454 [main] INFO  Main - Name "Dima"
Age "17"
Phone number "89676400947"
Email "minosyan.d.v@mail.ru".

14:07:05.454 [main] INFO  Main - Name "Andy"
Age "16"
Phone number "89676400948"
Email "grigorov.a.g@mail.ru".

